<?xml version="1.0" encoding="UTF-8"?>
<!-- Generated by org.testng.reporters.JUnitXMLReporter -->
<testsuite ignored="0" hostname="INBENKARSELVAN1" failures="0" tests="4" name="Test" time="4.486" errors="0" timestamp="2022-07-06T14:45:00 IST">
  <testcase classname="extentReporting.reports.ExtentReportTemp4" name="initialDemo_5" time="4.116"/>
  <testcase classname="extentReporting.reports.ExtentReportTemp2" name="initialDemo_2" time="4.262"/>
  <testcase classname="extentReporting.reports.ExtentReportTemp4" name="initialDemo_4" time="4.382"/>
  <testcase classname="extentReporting.reports.ExtentReportTemp3" name="initialDemo_3" time="4.44"/>
</testsuite> <!-- Test -->
