<?xml version="1.0" encoding="UTF-8"?>
<testng-results ignored="0" total="4" passed="4" failed="0" skipped="0">
  <reporter-output>
  </reporter-output>
  <suite started-at="2022-07-06T14:44:55 IST" name="Suite" finished-at="2022-07-06T14:45:00 IST" duration-ms="4486">
    <groups>
    </groups>
    <test started-at="2022-07-06T14:44:55 IST" name="Test" finished-at="2022-07-06T14:45:00 IST" duration-ms="4486">
      <class name="extentReporting.reports.ExtentReportTemp2">
        <test-method signature="initialDemo_2()[pri:0, instance:extentReporting.reports.ExtentReportTemp2@79da8dc5]" started-at="2022-07-06T14:44:55 IST" name="initialDemo_2" finished-at="2022-07-06T14:45:00 IST" duration-ms="4262" status="PASS">
          <reporter-output>
          </reporter-output>
        </test-method> <!-- initialDemo_2 -->
      </class> <!-- extentReporting.reports.ExtentReportTemp2 -->
      <class name="extentReporting.reports.ExtentReportTemp4">
        <test-method signature="initialDemo_4()[pri:0, instance:extentReporting.reports.ExtentReportTemp4@c333c60]" started-at="2022-07-06T14:44:55 IST" name="initialDemo_4" finished-at="2022-07-06T14:45:00 IST" duration-ms="4382" status="PASS">
          <reporter-output>
          </reporter-output>
        </test-method> <!-- initialDemo_4 -->
        <test-method signature="initialDemo_5()[pri:0, instance:extentReporting.reports.ExtentReportTemp4@c333c60]" started-at="2022-07-06T14:44:55 IST" name="initialDemo_5" finished-at="2022-07-06T14:44:59 IST" duration-ms="4116" status="PASS">
          <reporter-output>
          </reporter-output>
        </test-method> <!-- initialDemo_5 -->
      </class> <!-- extentReporting.reports.ExtentReportTemp4 -->
      <class name="extentReporting.reports.ExtentReportTemp3">
        <test-method signature="initialDemo_3()[pri:0, instance:extentReporting.reports.ExtentReportTemp3@747edf66]" started-at="2022-07-06T14:44:55 IST" name="initialDemo_3" finished-at="2022-07-06T14:45:00 IST" duration-ms="4440" status="PASS">
          <reporter-output>
          </reporter-output>
        </test-method> <!-- initialDemo_3 -->
      </class> <!-- extentReporting.reports.ExtentReportTemp3 -->
    </test> <!-- Test -->
  </suite> <!-- Suite -->
</testng-results>
